<?xml version="1.0" encoding="UTF-8"?>
<!-- Generated by org.testng.reporters.JUnitXMLReporter -->
<testsuite hostname="LAPTOP-THVMM27O" ignored="0" name="Free CRM App Test Cases" tests="4" failures="0" timestamp="2020-09-16T14:34:16 IST" time="21.145" errors="0">
  <testcase name="loginPageTitleTest" time="0.012" classname="com.crm.qa.test.LoginPageTest"/>
  <testcase name="validateLinks" time="3.135" classname="com.crm.qa.test.LoginPageTest"/>
  <testcase name="loginTestFailed" time="4.513" classname="com.crm.qa.test.LoginPageTest"/>
  <testcase name="loginTest" time="3.246" classname="com.crm.qa.test.LoginPageTest"/>
</testsuite> <!-- Free CRM App Test Cases -->
