<?xml version="1.0" encoding="UTF-8"?>
<!-- Generated by org.testng.reporters.JUnitXMLReporter -->
<testsuite hostname="LAPTOP-THVMM27O" ignored="0" name="Free CRM App Test Cases2" tests="4" failures="0" timestamp="2020-08-14T14:06:15 IST" time="18.871" errors="0">
  <testcase name="loginPageTitleTest" time="0.006" classname="com.crm.qa.test.LoginPageTest"/>
  <testcase name="validateLinks" time="3.102" classname="com.crm.qa.test.LoginPageTest"/>
  <testcase name="loginTestFailed" time="4.183" classname="com.crm.qa.test.LoginPageTest"/>
  <testcase name="loginTest" time="3.227" classname="com.crm.qa.test.LoginPageTest"/>
</testsuite> <!-- Free CRM App Test Cases2 -->
