<?xml version="1.0" encoding="UTF-8"?>
<testng-results skipped="0" failed="0" ignored="0" total="4" passed="4">
  <reporter-output>
  </reporter-output>
  <suite name="FREE CRM Application Test Automation Test Suite" duration-ms="21145" started-at="2020-09-16T14:33:55 IST" finished-at="2020-09-16T14:34:16 IST">
    <groups>
    </groups>
    <test name="Free CRM App Test Cases" duration-ms="21145" started-at="2020-09-16T14:33:55 IST" finished-at="2020-09-16T14:34:16 IST">
      <class name="com.crm.qa.test.LoginPageTest">
        <test-method status="PASS" signature="setUp()[pri:0, instance:com.crm.qa.test.LoginPageTest@5656be13]" name="setUp" is-config="true" duration-ms="9293" started-at="2020-09-16T14:33:55 IST" finished-at="2020-09-16T14:34:04 IST">
          <reporter-output>
          </reporter-output>
        </test-method> <!-- setUp -->
        <test-method status="PASS" signature="loginPageTitleTest()[pri:1, instance:com.crm.qa.test.LoginPageTest@5656be13]" name="loginPageTitleTest" duration-ms="12" started-at="2020-09-16T14:34:04 IST" finished-at="2020-09-16T14:34:04 IST">
          <reporter-output>
          </reporter-output>
        </test-method> <!-- loginPageTitleTest -->
        <test-method status="PASS" signature="validateLinks()[pri:2, instance:com.crm.qa.test.LoginPageTest@5656be13]" name="validateLinks" duration-ms="3135" started-at="2020-09-16T14:34:04 IST" finished-at="2020-09-16T14:34:08 IST">
          <reporter-output>
          </reporter-output>
        </test-method> <!-- validateLinks -->
        <test-method status="PASS" signature="loginTestFailed()[pri:3, instance:com.crm.qa.test.LoginPageTest@5656be13]" name="loginTestFailed" duration-ms="4513" started-at="2020-09-16T14:34:08 IST" finished-at="2020-09-16T14:34:12 IST">
          <reporter-output>
          </reporter-output>
        </test-method> <!-- loginTestFailed -->
        <test-method status="PASS" signature="loginTest()[pri:4, instance:com.crm.qa.test.LoginPageTest@5656be13]" name="loginTest" duration-ms="3246" started-at="2020-09-16T14:34:12 IST" finished-at="2020-09-16T14:34:15 IST">
          <reporter-output>
          </reporter-output>
        </test-method> <!-- loginTest -->
        <test-method status="PASS" signature="tearDown()[pri:0, instance:com.crm.qa.test.LoginPageTest@5656be13]" name="tearDown" is-config="true" duration-ms="903" started-at="2020-09-16T14:34:15 IST" finished-at="2020-09-16T14:34:16 IST">
          <reporter-output>
          </reporter-output>
        </test-method> <!-- tearDown -->
      </class> <!-- com.crm.qa.test.LoginPageTest -->
    </test> <!-- Free CRM App Test Cases -->
  </suite> <!-- FREE CRM Application Test Automation Test Suite -->
</testng-results>
